<?xml version="1.0" encoding="UTF-8"?>
<!-- Generated by org.testng.reporters.JUnitXMLReporter -->
<testsuite hostname="MAVLT1168" ignored="0" name="Default test" tests="4" failures="0" timestamp="2020-06-26T02:02:09 IST" time="16.688" errors="0">
  <testcase name="add_Group" time="4.364" classname="testng_assignment.TestNG_Groups"/>
  <testcase name="sub_Group" time="4.097" classname="testng_assignment.TestNG_Groups"/>
  <testcase name="negate_Group" time="4.08" classname="testng_assignment.TestNG_Groups"/>
  <testcase name="inverse_Group" time="4.08" classname="testng_assignment.TestNG_Groups"/>
</testsuite> <!-- Default test -->
