<?xml version="1.0" encoding="UTF-8"?>
<!-- Generated by org.testng.reporters.JUnitXMLReporter -->
<testsuite hostname="MAVBCP423" ignored="5" name="Grouping Scenarios" tests="1" failures="0" timestamp="2020-06-20T17:06:23 IST" time="0.035" errors="0">
  <testcase name="myTestB" time="0.007" classname="com.internetapp.tests.groups.GroupingExample"/>
  <testcase name="myTestA" time="0.0" classname="com.internetapp.tests.groups.GroupingExample">
    <ignored/>
  </testcase> <!-- myTestA -->
  <testcase name="myTestD" time="0.0" classname="com.internetapp.tests.groups.GroupingExample">
    <ignored/>
  </testcase> <!-- myTestD -->
  <testcase name="myTestE" time="0.0" classname="com.internetapp.tests.groups.GroupingExample">
    <ignored/>
  </testcase> <!-- myTestE -->
  <testcase name="myTestC" time="0.0" classname="com.internetapp.tests.groups.GroupingExample">
    <ignored/>
  </testcase> <!-- myTestC -->
  <testcase name="myTestF" time="0.0" classname="com.internetapp.tests.groups.GroupingExample">
    <ignored/>
  </testcase> <!-- myTestF -->
</testsuite> <!-- Grouping Scenarios -->
