<?xml version="1.0" encoding="UTF-8"?>
<!-- Generated by org.testng.reporters.JUnitXMLReporter -->
<testsuite hostname="MAVLT1168" ignored="0" name="TestNG_Assertion" tests="4" failures="4" timestamp="2020-06-26T01:46:05 IST" time="0.022" errors="0">
  <testcase name="TestNG_Assertion_AssertEquals" time="0.002" classname="testng_assignment.TestNG_Assertion">
    <failure type="java.lang.NullPointerException">
      <![CDATA[java.lang.NullPointerException
at com.maveric.core.testng.listeners.DriverListener.beforeInvocation(DriverListener.java:31)
at java.util.concurrent.ThreadPoolExecutor.runWorker(Unknown Source)
at java.util.concurrent.ThreadPoolExecutor$Worker.run(Unknown Source)
at java.lang.Thread.run(Unknown Source)
... Removed 9 stack frames]]>
    </failure>
  </testcase> <!-- TestNG_Assertion_AssertEquals -->
  <testcase name="TestNG_Assertion_assertFalse" time="0.002" classname="testng_assignment.TestNG_Assertion">
    <failure type="java.lang.NullPointerException">
      <![CDATA[java.lang.NullPointerException
at com.maveric.core.testng.listeners.DriverListener.beforeInvocation(DriverListener.java:31)
at java.util.concurrent.ThreadPoolExecutor.runWorker(Unknown Source)
at java.util.concurrent.ThreadPoolExecutor$Worker.run(Unknown Source)
at java.lang.Thread.run(Unknown Source)
... Removed 9 stack frames]]>
    </failure>
  </testcase> <!-- TestNG_Assertion_assertFalse -->
  <testcase name="TestNG_Assertion_assertNotEquals" time="0.002" classname="testng_assignment.TestNG_Assertion">
    <failure type="java.lang.NullPointerException">
      <![CDATA[java.lang.NullPointerException
at com.maveric.core.testng.listeners.DriverListener.beforeInvocation(DriverListener.java:31)
at java.util.concurrent.ThreadPoolExecutor.runWorker(Unknown Source)
at java.util.concurrent.ThreadPoolExecutor$Worker.run(Unknown Source)
at java.lang.Thread.run(Unknown Source)
... Removed 9 stack frames]]>
    </failure>
  </testcase> <!-- TestNG_Assertion_assertNotEquals -->
  <testcase name="TestNG_Assertion_assertTrue" time="0.002" classname="testng_assignment.TestNG_Assertion">
    <failure type="java.lang.NullPointerException">
      <![CDATA[java.lang.NullPointerException
at com.maveric.core.testng.listeners.DriverListener.beforeInvocation(DriverListener.java:31)
at java.util.concurrent.ThreadPoolExecutor.runWorker(Unknown Source)
at java.util.concurrent.ThreadPoolExecutor$Worker.run(Unknown Source)
at java.lang.Thread.run(Unknown Source)
... Removed 9 stack frames]]>
    </failure>
  </testcase> <!-- TestNG_Assertion_assertTrue -->
</testsuite> <!-- TestNG_Assertion -->
