<?xml version="1.0" encoding="UTF-8"?>
<!-- Generated by org.testng.reporters.JUnitXMLReporter -->
<testsuite hostname="MAVLT1168" ignored="1" name="TestNG_Group3" tests="3" failures="0" timestamp="2020-06-24T18:19:36 IST" time="0.006" errors="0">
  <testcase name="add_Group2 on testng_assignment.TestNG_Assignment" time="0.0" classname="testng_assignment.TestNG_Assignment"/>
  <testcase name="add_Group1 on testng_assignment.TestNG_Assignment" time="0.001" classname="testng_assignment.TestNG_Assignment"/>
  <testcase name="negate_Group on testng_assignment.TestNG_Assignment" time="0.001" classname="testng_assignment.TestNG_Assignment"/>
  <testcase name="inverse_Group" time="0.0" classname="testng_assignment.TestNG_Assignment">
    <ignored/>
  </testcase> <!-- inverse_Group -->
</testsuite> <!-- TestNG_Group3 -->
