<?xml version="1.0" encoding="UTF-8"?>
<!-- Generated by org.testng.reporters.JUnitXMLReporter -->
<testsuite hostname="MAVLT1168" ignored="0" name="TestNG_DataProivder" tests="10" failures="10" timestamp="2020-06-26T01:46:05 IST" time="0.063" errors="0">
  <testcase name="TestNG_DataProvider" time="0.001" classname="testng_assignment.TestNG_DataProivder">
    <failure type="java.lang.NullPointerException">
      <![CDATA[java.lang.NullPointerException
at com.maveric.core.testng.listeners.DriverListener.beforeInvocation(DriverListener.java:31)
at java.util.concurrent.ThreadPoolExecutor.runWorker(Unknown Source)
at java.util.concurrent.ThreadPoolExecutor$Worker.run(Unknown Source)
at java.lang.Thread.run(Unknown Source)
... Removed 9 stack frames]]>
    </failure>
  </testcase> <!-- TestNG_DataProvider -->
  <testcase name="TestNG_DataProvider" time="0.001" classname="testng_assignment.TestNG_DataProivder">
    <failure type="java.lang.NullPointerException">
      <![CDATA[java.lang.NullPointerException
at com.maveric.core.testng.listeners.DriverListener.beforeInvocation(DriverListener.java:31)
at java.util.concurrent.ThreadPoolExecutor.runWorker(Unknown Source)
at java.util.concurrent.ThreadPoolExecutor$Worker.run(Unknown Source)
at java.lang.Thread.run(Unknown Source)
... Removed 9 stack frames]]>
    </failure>
  </testcase> <!-- TestNG_DataProvider -->
  <testcase name="TestNG_DataProvider" time="0.001" classname="testng_assignment.TestNG_DataProivder">
    <failure type="java.lang.NullPointerException">
      <![CDATA[java.lang.NullPointerException
at com.maveric.core.testng.listeners.DriverListener.beforeInvocation(DriverListener.java:31)
at java.util.concurrent.ThreadPoolExecutor.runWorker(Unknown Source)
at java.util.concurrent.ThreadPoolExecutor$Worker.run(Unknown Source)
at java.lang.Thread.run(Unknown Source)
... Removed 9 stack frames]]>
    </failure>
  </testcase> <!-- TestNG_DataProvider -->
  <testcase name="TestNG_DataProvider" time="0.001" classname="testng_assignment.TestNG_DataProivder">
    <failure type="java.lang.NullPointerException">
      <![CDATA[java.lang.NullPointerException
at com.maveric.core.testng.listeners.DriverListener.beforeInvocation(DriverListener.java:31)
at java.util.concurrent.ThreadPoolExecutor.runWorker(Unknown Source)
at java.util.concurrent.ThreadPoolExecutor$Worker.run(Unknown Source)
at java.lang.Thread.run(Unknown Source)
... Removed 9 stack frames]]>
    </failure>
  </testcase> <!-- TestNG_DataProvider -->
  <testcase name="TestNG_DataProvider" time="0.002" classname="testng_assignment.TestNG_DataProivder">
    <failure type="java.lang.NullPointerException">
      <![CDATA[java.lang.NullPointerException
at com.maveric.core.testng.listeners.DriverListener.beforeInvocation(DriverListener.java:31)
at java.util.concurrent.ThreadPoolExecutor.runWorker(Unknown Source)
at java.util.concurrent.ThreadPoolExecutor$Worker.run(Unknown Source)
at java.lang.Thread.run(Unknown Source)
... Removed 9 stack frames]]>
    </failure>
  </testcase> <!-- TestNG_DataProvider -->
  <testcase name="TestNG_DataProvider" time="0.001" classname="testng_assignment.TestNG_DataProivder">
    <failure type="java.lang.NullPointerException">
      <![CDATA[java.lang.NullPointerException
at com.maveric.core.testng.listeners.DriverListener.beforeInvocation(DriverListener.java:31)
at java.util.concurrent.ThreadPoolExecutor.runWorker(Unknown Source)
at java.util.concurrent.ThreadPoolExecutor$Worker.run(Unknown Source)
at java.lang.Thread.run(Unknown Source)
... Removed 9 stack frames]]>
    </failure>
  </testcase> <!-- TestNG_DataProvider -->
  <testcase name="TestNG_DataProvider" time="0.003" classname="testng_assignment.TestNG_DataProivder">
    <failure type="java.lang.NullPointerException">
      <![CDATA[java.lang.NullPointerException
at com.maveric.core.testng.listeners.DriverListener.beforeInvocation(DriverListener.java:31)
at java.util.concurrent.ThreadPoolExecutor.runWorker(Unknown Source)
at java.util.concurrent.ThreadPoolExecutor$Worker.run(Unknown Source)
at java.lang.Thread.run(Unknown Source)
... Removed 9 stack frames]]>
    </failure>
  </testcase> <!-- TestNG_DataProvider -->
  <testcase name="TestNG_DataProvider" time="0.002" classname="testng_assignment.TestNG_DataProivder">
    <failure type="java.lang.NullPointerException">
      <![CDATA[java.lang.NullPointerException
at com.maveric.core.testng.listeners.DriverListener.beforeInvocation(DriverListener.java:31)
at java.util.concurrent.ThreadPoolExecutor.runWorker(Unknown Source)
at java.util.concurrent.ThreadPoolExecutor$Worker.run(Unknown Source)
at java.lang.Thread.run(Unknown Source)
... Removed 9 stack frames]]>
    </failure>
  </testcase> <!-- TestNG_DataProvider -->
  <testcase name="TestNG_DataProvider" time="0.002" classname="testng_assignment.TestNG_DataProivder">
    <failure type="java.lang.NullPointerException">
      <![CDATA[java.lang.NullPointerException
at com.maveric.core.testng.listeners.DriverListener.beforeInvocation(DriverListener.java:31)
at java.util.concurrent.ThreadPoolExecutor.runWorker(Unknown Source)
at java.util.concurrent.ThreadPoolExecutor$Worker.run(Unknown Source)
at java.lang.Thread.run(Unknown Source)
... Removed 9 stack frames]]>
    </failure>
  </testcase> <!-- TestNG_DataProvider -->
  <testcase name="TestNG_DataProvider" time="0.001" classname="testng_assignment.TestNG_DataProivder">
    <failure type="java.lang.NullPointerException">
      <![CDATA[java.lang.NullPointerException
at com.maveric.core.testng.listeners.DriverListener.beforeInvocation(DriverListener.java:31)
at java.util.concurrent.ThreadPoolExecutor.runWorker(Unknown Source)
at java.util.concurrent.ThreadPoolExecutor$Worker.run(Unknown Source)
at java.lang.Thread.run(Unknown Source)
... Removed 9 stack frames]]>
    </failure>
  </testcase> <!-- TestNG_DataProvider -->
</testsuite> <!-- TestNG_DataProivder -->
