<?xml version="1.0" encoding="UTF-8"?>
<!-- Generated by org.testng.reporters.JUnitXMLReporter -->
<testsuite hostname="MAVLT1168" ignored="4" name="TestNG_Group1" tests="3" failures="0" timestamp="2020-06-24T18:44:45 IST" time="0.006" errors="0">
  <testcase name="sub_Group on testng_assignment.TestNG_Assignment" time="0.001" classname="testng_assignment.TestNG_Assignment"/>
  <testcase name="negate_Group on testng_assignment.TestNG_Assignment" time="0.001" classname="testng_assignment.TestNG_Assignment"/>
  <testcase name="add_Group on testng_assignment.TestNG_Assignment" time="0.001" classname="testng_assignment.TestNG_Assignment"/>
  <testcase name="TestNG_Parameter_Test" time="0.0" classname="testng_assignment.TestNG_Assignment">
    <ignored/>
  </testcase> <!-- TestNG_Parameter_Test -->
  <testcase name="TestNG_DataProvider" time="0.0" classname="testng_assignment.TestNG_Assignment">
    <ignored/>
  </testcase> <!-- TestNG_DataProvider -->
  <testcase name="TestNG_Assertion_Methods" time="0.0" classname="testng_assignment.TestNG_Assignment">
    <ignored/>
  </testcase> <!-- TestNG_Assertion_Methods -->
  <testcase name="inverse_Group" time="0.0" classname="testng_assignment.TestNG_Assignment">
    <ignored/>
  </testcase> <!-- inverse_Group -->
</testsuite> <!-- TestNG_Group1 -->
