<?xml version="1.0" encoding="UTF-8"?>
<!-- Generated by org.testng.reporters.JUnitXMLReporter -->
<testsuite hostname="MAVLT1168" ignored="0" name="TestNG_Parameters" tests="2" failures="2" timestamp="2020-06-26T01:46:05 IST" time="0.067" errors="0">
  <testcase name="TestNG_Parameter_Test1 on testng_assignment.TestNG_Parameters" time="0.009" classname="testng_assignment.TestNG_Parameters">
    <failure type="java.lang.NullPointerException">
      <![CDATA[java.lang.NullPointerException
at com.maveric.core.testng.listeners.DriverListener.beforeInvocation(DriverListener.java:31)
at java.util.concurrent.ThreadPoolExecutor.runWorker(Unknown Source)
at java.util.concurrent.ThreadPoolExecutor$Worker.run(Unknown Source)
at java.lang.Thread.run(Unknown Source)
... Removed 9 stack frames]]>
    </failure>
  </testcase> <!-- TestNG_Parameter_Test1 on testng_assignment.TestNG_Parameters -->
  <testcase name="TestNG_Parameter_Test2 on testng_assignment.TestNG_Parameters" time="0.004" classname="testng_assignment.TestNG_Parameters">
    <failure type="java.lang.NullPointerException">
      <![CDATA[java.lang.NullPointerException
at com.maveric.core.testng.listeners.DriverListener.beforeInvocation(DriverListener.java:31)
at java.util.concurrent.ThreadPoolExecutor.runWorker(Unknown Source)
at java.util.concurrent.ThreadPoolExecutor$Worker.run(Unknown Source)
at java.lang.Thread.run(Unknown Source)
... Removed 9 stack frames]]>
    </failure>
  </testcase> <!-- TestNG_Parameter_Test2 on testng_assignment.TestNG_Parameters -->
</testsuite> <!-- TestNG_Parameters -->
