<?xml version="1.0" encoding="UTF-8"?>
<!-- Generated by org.testng.reporters.JUnitXMLReporter -->
<testsuite hostname="MAVLT1168" ignored="0" name="TestNG_TestNG_DataProivder" tests="3" failures="0" timestamp="2020-06-24T19:37:57 IST" time="0.011" errors="0">
  <testcase name="TestNG_DataProvider on testng_assignment.TestNG_DataProivder" time="0.001" classname="testng_assignment.TestNG_DataProivder"/>
  <testcase name="TestNG_DataProvider on testng_assignment.TestNG_DataProivder" time="0.001" classname="testng_assignment.TestNG_DataProivder"/>
  <testcase name="TestNG_DataProvider on testng_assignment.TestNG_DataProivder" time="0.001" classname="testng_assignment.TestNG_DataProivder"/>
</testsuite> <!-- TestNG_TestNG_DataProivder -->
