<?xml version="1.0" encoding="UTF-8"?>
<!-- Generated by org.testng.reporters.JUnitXMLReporter -->
<testsuite hostname="MAVLT1168" ignored="0" name="TestNG_Thread" tests="9" failures="0" timestamp="2020-06-25T16:47:50 IST" time="0.054" errors="0">
  <testcase name="TestNG_Add1 on testng_assignment.TestNG_Parallel2" time="0.009" classname="testng_assignment.TestNG_Parallel2"/>
  <testcase name="TestNG_Sub1 on testng_assignment.TestNG_Parallel1" time="0.008" classname="testng_assignment.TestNG_Parallel1"/>
  <testcase name="TestNG_Multi1 on testng_assignment.TestNG_Parallel1" time="0.008" classname="testng_assignment.TestNG_Parallel1"/>
  <testcase name="TestNG_Add1 on testng_assignment.TestNG_Parallel1" time="0.009" classname="testng_assignment.TestNG_Parallel1"/>
  <testcase name="TestNG_Sub1 on testng_assignment.TestNG_Parallel1" time="0.008" classname="testng_assignment.TestNG_Parallel1"/>
  <testcase name="TestNG_Multi1 on testng_assignment.TestNG_Parallel1" time="0.01" classname="testng_assignment.TestNG_Parallel1"/>
  <testcase name="TestNG_Add1 on testng_assignment.TestNG_Parallel1" time="0.008" classname="testng_assignment.TestNG_Parallel1"/>
  <testcase name="TestNG_Sub1 on testng_assignment.TestNG_Parallel2" time="0.002" classname="testng_assignment.TestNG_Parallel2"/>
  <testcase name="TestNG_Multi1 on testng_assignment.TestNG_Parallel2" time="0.006" classname="testng_assignment.TestNG_Parallel2"/>
</testsuite> <!-- TestNG_Thread -->
