<?xml version="1.0" encoding="UTF-8"?>
<!-- Generated by org.testng.reporters.JUnitXMLReporter -->
<testsuite hostname="MAVLT1168" ignored="1" name="TestNG_Group" tests="3" failures="0" timestamp="2020-06-26T01:49:45 IST" time="0.046" errors="0">
  <testcase name="add_Group" time="0.008" classname="testng_assignment.TestNG_Groups"/>
  <testcase name="sub_Group" time="0.001" classname="testng_assignment.TestNG_Groups"/>
  <testcase name="negate_Group" time="0.002" classname="testng_assignment.TestNG_Groups"/>
  <testcase name="inverse_Group" time="0.0" classname="testng_assignment.TestNG_Groups">
    <ignored/>
  </testcase> <!-- inverse_Group -->
</testsuite> <!-- TestNG_Group -->
